2024-07-18 13:42:53,768:WARNING:
'cuml' is a soft dependency and not included in the pycaret installation. Please run: `pip install cuml` to install.
2024-07-18 13:42:53,768:WARNING:
'cuml' is a soft dependency and not included in the pycaret installation. Please run: `pip install cuml` to install.
2024-07-18 13:42:53,768:WARNING:
'cuml' is a soft dependency and not included in the pycaret installation. Please run: `pip install cuml` to install.
2024-07-18 13:42:53,768:WARNING:
'cuml' is a soft dependency and not included in the pycaret installation. Please run: `pip install cuml` to install.
2024-07-18 13:42:55,634:INFO:Initializing load_model()
2024-07-18 13:42:55,634:INFO:load_model(model_name=insurance_dt_model, platform=None, authentication=None, verbose=True)
2024-07-18 13:42:55,852:WARNING:C:\Users\mouly\AppData\Local\Programs\Python\Python311\Lib\site-packages\pycaret\internal\pipeline.py:148: UserWarning: Version mismatch:
current: {'deps_info': {'pip': '23.3.1', 'setuptools': '65.5.0', 'pycaret': '3.3.2', 'IPython': '8.15.0', 'ipywidgets': '8.1.3', 'tqdm': '4.66.1', 'numpy': '1.24.4', 'pandas': '2.0.3', 'jinja2': '3.1.2', 'scipy': '1.10.0', 'joblib': '1.3.2', 'sklearn': '1.4.2', 'pyod': '2.0.1', 'imblearn': '0.12.3', 'category_encoders': '2.6.3', 'lightgbm': '4.4.0', 'numba': '0.60.0', 'requests': '2.31.0', 'matplotlib': '3.7.4', 'scikitplot': '0.3.7', 'yellowbrick': '1.5', 'plotly': '5.19.0', 'plotly-resampler': 'Not installed', 'kaleido': '0.2.1', 'schemdraw': '0.15', 'statsmodels': '0.14.1', 'sktime': '0.26.0', 'tbats': '1.1.3', 'pmdarima': '2.0.4', 'psutil': '5.9.5', 'markupsafe': '2.1.3', 'pickle5': 'Not installed', 'cloudpickle': '3.0.0', 'deprecation': '2.1.0', 'xxhash': '3.4.1', 'wurlitzer': 'Not installed'}, 'python': {'version': '3.11.5', 'machine': 'AMD64'}}
pickle: {'deps_info': {'pip': '24.0', 'setuptools': '69.5.1', 'pycaret': '3.3.2', 'IPython': '8.20.0', 'ipywidgets': '8.1.3', 'tqdm': '4.66.4', 'numpy': '1.26.4', 'pandas': '2.1.4', 'jinja2': '3.1.4', 'scipy': '1.11.4', 'joblib': '1.3.2', 'sklearn': '1.4.2', 'pyod': '2.0.1', 'imblearn': '0.12.3', 'category_encoders': '2.6.3', 'lightgbm': '4.4.0', 'numba': '0.60.0', 'requests': '2.32.2', 'matplotlib': '3.7.5', 'scikitplot': '0.3.7', 'yellowbrick': '1.5', 'plotly': '5.22.0', 'plotly-resampler': 'Not installed', 'kaleido': '0.2.1', 'schemdraw': '0.15', 'statsmodels': '0.14.2', 'sktime': '0.26.0', 'tbats': '1.1.3', 'pmdarima': '2.0.4', 'psutil': '5.9.0', 'markupsafe': '2.1.3', 'pickle5': 'Not installed', 'cloudpickle': '3.0.0', 'deprecation': '2.1.0', 'xxhash': '3.4.1', 'wurlitzer': 'Not installed'}, 'python': {'version': '3.11.9', 'machine': 'AMD64'}}
  warnings.warn(

2024-07-18 13:42:55,960:INFO:Initializing predict_model()
2024-07-18 13:42:55,960:INFO:predict_model(self=<pycaret.regression.oop.RegressionExperiment object at 0x0000015F3FCA9F50>, estimator=Pipeline(memory=Memory(location=None),
         steps=[('numerical_imputer',
                 TransformerWrapper(include=['age', 'bmi', 'children'],
                                    transformer=SimpleImputer())),
                ('categorical_imputer',
                 TransformerWrapper(include=['sex', 'smoker', 'region'],
                                    transformer=SimpleImputer(strategy='most_frequent'))),
                ('ordinal_encoding',
                 TransformerWrapper(include=['sex', 'smoker'],
                                    transfor...
                                                               mapping=[{'col': 'sex',
                                                                         'data_type': dtype('O'),
                                                                         'mapping': female    0
male      1
NaN      -1
dtype: int64},
                                                                        {'col': 'smoker',
                                                                         'data_type': dtype('O'),
                                                                         'mapping': no     0
yes    1
NaN   -1
dtype: int64}]))),
                ('onehot_encoding',
                 TransformerWrapper(include=['region'],
                                    transformer=OneHotEncoder(cols=['region'],
                                                              handle_missing='return_nan',
                                                              use_cat_names=True))),
                ('trained_model', DecisionTreeRegressor(random_state=123))]), probability_threshold=None, encoded_labels=False, raw_score=False, round=4, verbose=True, ml_usecase=None, preprocess=True, encode_labels=<function _SupervisedExperiment.predict_model.<locals>.encode_labels at 0x0000015F3FB53CE0>)
2024-07-18 13:42:55,960:INFO:Checking exceptions
2024-07-18 13:42:55,960:INFO:Preloading libraries
2024-07-18 13:42:55,970:INFO:Set up data.
2024-07-18 13:42:55,976:INFO:Set up index.
2024-07-18 13:43:03,399:WARNING:
'cuml' is a soft dependency and not included in the pycaret installation. Please run: `pip install cuml` to install.
2024-07-18 13:43:03,399:WARNING:
'cuml' is a soft dependency and not included in the pycaret installation. Please run: `pip install cuml` to install.
2024-07-18 13:43:03,399:WARNING:
'cuml' is a soft dependency and not included in the pycaret installation. Please run: `pip install cuml` to install.
2024-07-18 13:43:03,399:WARNING:
'cuml' is a soft dependency and not included in the pycaret installation. Please run: `pip install cuml` to install.
2024-07-18 13:43:04,619:INFO:Initializing load_model()
2024-07-18 13:43:04,619:INFO:load_model(model_name=insurance_dt_model, platform=None, authentication=None, verbose=True)
2024-07-18 13:43:04,729:WARNING:C:\Users\mouly\AppData\Local\Programs\Python\Python311\Lib\site-packages\pycaret\internal\pipeline.py:148: UserWarning: Version mismatch:
current: {'deps_info': {'pip': '23.3.1', 'setuptools': '65.5.0', 'pycaret': '3.3.2', 'IPython': '8.15.0', 'ipywidgets': '8.1.3', 'tqdm': '4.66.1', 'numpy': '1.24.4', 'pandas': '2.0.3', 'jinja2': '3.1.2', 'scipy': '1.10.0', 'joblib': '1.3.2', 'sklearn': '1.4.2', 'pyod': '2.0.1', 'imblearn': '0.12.3', 'category_encoders': '2.6.3', 'lightgbm': '4.4.0', 'numba': '0.60.0', 'requests': '2.31.0', 'matplotlib': '3.7.4', 'scikitplot': '0.3.7', 'yellowbrick': '1.5', 'plotly': '5.19.0', 'plotly-resampler': 'Not installed', 'kaleido': '0.2.1', 'schemdraw': '0.15', 'statsmodels': '0.14.1', 'sktime': '0.26.0', 'tbats': '1.1.3', 'pmdarima': '2.0.4', 'psutil': '5.9.5', 'markupsafe': '2.1.3', 'pickle5': 'Not installed', 'cloudpickle': '3.0.0', 'deprecation': '2.1.0', 'xxhash': '3.4.1', 'wurlitzer': 'Not installed'}, 'python': {'version': '3.11.5', 'machine': 'AMD64'}}
pickle: {'deps_info': {'pip': '24.0', 'setuptools': '69.5.1', 'pycaret': '3.3.2', 'IPython': '8.20.0', 'ipywidgets': '8.1.3', 'tqdm': '4.66.4', 'numpy': '1.26.4', 'pandas': '2.1.4', 'jinja2': '3.1.4', 'scipy': '1.11.4', 'joblib': '1.3.2', 'sklearn': '1.4.2', 'pyod': '2.0.1', 'imblearn': '0.12.3', 'category_encoders': '2.6.3', 'lightgbm': '4.4.0', 'numba': '0.60.0', 'requests': '2.32.2', 'matplotlib': '3.7.5', 'scikitplot': '0.3.7', 'yellowbrick': '1.5', 'plotly': '5.22.0', 'plotly-resampler': 'Not installed', 'kaleido': '0.2.1', 'schemdraw': '0.15', 'statsmodels': '0.14.2', 'sktime': '0.26.0', 'tbats': '1.1.3', 'pmdarima': '2.0.4', 'psutil': '5.9.0', 'markupsafe': '2.1.3', 'pickle5': 'Not installed', 'cloudpickle': '3.0.0', 'deprecation': '2.1.0', 'xxhash': '3.4.1', 'wurlitzer': 'Not installed'}, 'python': {'version': '3.11.9', 'machine': 'AMD64'}}
  warnings.warn(

2024-07-18 13:43:04,788:INFO:Initializing predict_model()
2024-07-18 13:43:04,788:INFO:predict_model(self=<pycaret.regression.oop.RegressionExperiment object at 0x00000258A967A7D0>, estimator=Pipeline(memory=Memory(location=None),
         steps=[('numerical_imputer',
                 TransformerWrapper(include=['age', 'bmi', 'children'],
                                    transformer=SimpleImputer())),
                ('categorical_imputer',
                 TransformerWrapper(include=['sex', 'smoker', 'region'],
                                    transformer=SimpleImputer(strategy='most_frequent'))),
                ('ordinal_encoding',
                 TransformerWrapper(include=['sex', 'smoker'],
                                    transfor...
                                                               mapping=[{'col': 'sex',
                                                                         'data_type': dtype('O'),
                                                                         'mapping': female    0
male      1
NaN      -1
dtype: int64},
                                                                        {'col': 'smoker',
                                                                         'data_type': dtype('O'),
                                                                         'mapping': no     0
yes    1
NaN   -1
dtype: int64}]))),
                ('onehot_encoding',
                 TransformerWrapper(include=['region'],
                                    transformer=OneHotEncoder(cols=['region'],
                                                              handle_missing='return_nan',
                                                              use_cat_names=True))),
                ('trained_model', DecisionTreeRegressor(random_state=123))]), probability_threshold=None, encoded_labels=False, raw_score=False, round=4, verbose=True, ml_usecase=None, preprocess=True, encode_labels=<function _SupervisedExperiment.predict_model.<locals>.encode_labels at 0x00000258A9657CE0>)
2024-07-18 13:43:04,788:INFO:Checking exceptions
2024-07-18 13:43:04,788:INFO:Preloading libraries
2024-07-18 13:43:04,788:INFO:Set up data.
2024-07-18 13:43:04,800:INFO:Set up index.
2024-07-18 13:43:39,289:WARNING:
'cuml' is a soft dependency and not included in the pycaret installation. Please run: `pip install cuml` to install.
2024-07-18 13:43:39,289:WARNING:
'cuml' is a soft dependency and not included in the pycaret installation. Please run: `pip install cuml` to install.
2024-07-18 13:43:39,289:WARNING:
'cuml' is a soft dependency and not included in the pycaret installation. Please run: `pip install cuml` to install.
2024-07-18 13:43:39,289:WARNING:
'cuml' is a soft dependency and not included in the pycaret installation. Please run: `pip install cuml` to install.
2024-07-18 13:43:40,609:INFO:Initializing load_model()
2024-07-18 13:43:40,609:INFO:load_model(model_name=insurance_dt_model, platform=None, authentication=None, verbose=True)
2024-07-18 13:43:40,750:WARNING:C:\Users\mouly\AppData\Local\Programs\Python\Python311\Lib\site-packages\pycaret\internal\pipeline.py:148: UserWarning: Version mismatch:
current: {'deps_info': {'pip': '23.3.1', 'setuptools': '65.5.0', 'pycaret': '3.3.2', 'IPython': '8.15.0', 'ipywidgets': '8.1.3', 'tqdm': '4.66.1', 'numpy': '1.24.4', 'pandas': '2.0.3', 'jinja2': '3.1.2', 'scipy': '1.10.0', 'joblib': '1.3.2', 'sklearn': '1.4.2', 'pyod': '2.0.1', 'imblearn': '0.12.3', 'category_encoders': '2.6.3', 'lightgbm': '4.4.0', 'numba': '0.60.0', 'requests': '2.31.0', 'matplotlib': '3.7.4', 'scikitplot': '0.3.7', 'yellowbrick': '1.5', 'plotly': '5.19.0', 'plotly-resampler': 'Not installed', 'kaleido': '0.2.1', 'schemdraw': '0.15', 'statsmodels': '0.14.1', 'sktime': '0.26.0', 'tbats': '1.1.3', 'pmdarima': '2.0.4', 'psutil': '5.9.5', 'markupsafe': '2.1.3', 'pickle5': 'Not installed', 'cloudpickle': '3.0.0', 'deprecation': '2.1.0', 'xxhash': '3.4.1', 'wurlitzer': 'Not installed'}, 'python': {'version': '3.11.5', 'machine': 'AMD64'}}
pickle: {'deps_info': {'pip': '24.0', 'setuptools': '69.5.1', 'pycaret': '3.3.2', 'IPython': '8.20.0', 'ipywidgets': '8.1.3', 'tqdm': '4.66.4', 'numpy': '1.26.4', 'pandas': '2.1.4', 'jinja2': '3.1.4', 'scipy': '1.11.4', 'joblib': '1.3.2', 'sklearn': '1.4.2', 'pyod': '2.0.1', 'imblearn': '0.12.3', 'category_encoders': '2.6.3', 'lightgbm': '4.4.0', 'numba': '0.60.0', 'requests': '2.32.2', 'matplotlib': '3.7.5', 'scikitplot': '0.3.7', 'yellowbrick': '1.5', 'plotly': '5.22.0', 'plotly-resampler': 'Not installed', 'kaleido': '0.2.1', 'schemdraw': '0.15', 'statsmodels': '0.14.2', 'sktime': '0.26.0', 'tbats': '1.1.3', 'pmdarima': '2.0.4', 'psutil': '5.9.0', 'markupsafe': '2.1.3', 'pickle5': 'Not installed', 'cloudpickle': '3.0.0', 'deprecation': '2.1.0', 'xxhash': '3.4.1', 'wurlitzer': 'Not installed'}, 'python': {'version': '3.11.9', 'machine': 'AMD64'}}
  warnings.warn(

2024-07-18 13:43:40,809:INFO:Initializing predict_model()
2024-07-18 13:43:40,809:INFO:predict_model(self=<pycaret.regression.oop.RegressionExperiment object at 0x000001F715D59750>, estimator=Pipeline(memory=Memory(location=None),
         steps=[('numerical_imputer',
                 TransformerWrapper(include=['age', 'bmi', 'children'],
                                    transformer=SimpleImputer())),
                ('categorical_imputer',
                 TransformerWrapper(include=['sex', 'smoker', 'region'],
                                    transformer=SimpleImputer(strategy='most_frequent'))),
                ('ordinal_encoding',
                 TransformerWrapper(include=['sex', 'smoker'],
                                    transfor...
                                                               mapping=[{'col': 'sex',
                                                                         'data_type': dtype('O'),
                                                                         'mapping': female    0
male      1
NaN      -1
dtype: int64},
                                                                        {'col': 'smoker',
                                                                         'data_type': dtype('O'),
                                                                         'mapping': no     0
yes    1
NaN   -1
dtype: int64}]))),
                ('onehot_encoding',
                 TransformerWrapper(include=['region'],
                                    transformer=OneHotEncoder(cols=['region'],
                                                              handle_missing='return_nan',
                                                              use_cat_names=True))),
                ('trained_model', DecisionTreeRegressor(random_state=123))]), probability_threshold=None, encoded_labels=False, raw_score=False, round=4, verbose=True, ml_usecase=None, preprocess=True, encode_labels=<function _SupervisedExperiment.predict_model.<locals>.encode_labels at 0x000001F715C03CE0>)
2024-07-18 13:43:40,809:INFO:Checking exceptions
2024-07-18 13:43:40,809:INFO:Preloading libraries
2024-07-18 13:43:40,822:INFO:Set up data.
2024-07-18 13:43:40,826:INFO:Set up index.
2024-07-18 13:44:57,719:WARNING:
'cuml' is a soft dependency and not included in the pycaret installation. Please run: `pip install cuml` to install.
2024-07-18 13:44:57,719:WARNING:
'cuml' is a soft dependency and not included in the pycaret installation. Please run: `pip install cuml` to install.
2024-07-18 13:44:57,719:WARNING:
'cuml' is a soft dependency and not included in the pycaret installation. Please run: `pip install cuml` to install.
2024-07-18 13:44:57,719:WARNING:
'cuml' is a soft dependency and not included in the pycaret installation. Please run: `pip install cuml` to install.
2024-07-18 13:44:58,934:INFO:Initializing load_model()
2024-07-18 13:44:58,934:INFO:load_model(model_name=insurance_dt_model, platform=None, authentication=None, verbose=True)
2024-07-18 13:44:59,037:WARNING:C:\Users\mouly\AppData\Local\Programs\Python\Python311\Lib\site-packages\pycaret\internal\pipeline.py:148: UserWarning: Version mismatch:
current: {'deps_info': {'pip': '23.3.1', 'setuptools': '65.5.0', 'pycaret': '3.3.2', 'IPython': '8.15.0', 'ipywidgets': '8.1.3', 'tqdm': '4.66.1', 'numpy': '1.24.4', 'pandas': '2.0.3', 'jinja2': '3.1.2', 'scipy': '1.10.0', 'joblib': '1.3.2', 'sklearn': '1.4.2', 'pyod': '2.0.1', 'imblearn': '0.12.3', 'category_encoders': '2.6.3', 'lightgbm': '4.4.0', 'numba': '0.60.0', 'requests': '2.31.0', 'matplotlib': '3.7.4', 'scikitplot': '0.3.7', 'yellowbrick': '1.5', 'plotly': '5.19.0', 'plotly-resampler': 'Not installed', 'kaleido': '0.2.1', 'schemdraw': '0.15', 'statsmodels': '0.14.1', 'sktime': '0.26.0', 'tbats': '1.1.3', 'pmdarima': '2.0.4', 'psutil': '5.9.5', 'markupsafe': '2.1.3', 'pickle5': 'Not installed', 'cloudpickle': '3.0.0', 'deprecation': '2.1.0', 'xxhash': '3.4.1', 'wurlitzer': 'Not installed'}, 'python': {'version': '3.11.5', 'machine': 'AMD64'}}
pickle: {'deps_info': {'pip': '24.0', 'setuptools': '69.5.1', 'pycaret': '3.3.2', 'IPython': '8.20.0', 'ipywidgets': '8.1.3', 'tqdm': '4.66.4', 'numpy': '1.26.4', 'pandas': '2.1.4', 'jinja2': '3.1.4', 'scipy': '1.11.4', 'joblib': '1.3.2', 'sklearn': '1.4.2', 'pyod': '2.0.1', 'imblearn': '0.12.3', 'category_encoders': '2.6.3', 'lightgbm': '4.4.0', 'numba': '0.60.0', 'requests': '2.32.2', 'matplotlib': '3.7.5', 'scikitplot': '0.3.7', 'yellowbrick': '1.5', 'plotly': '5.22.0', 'plotly-resampler': 'Not installed', 'kaleido': '0.2.1', 'schemdraw': '0.15', 'statsmodels': '0.14.2', 'sktime': '0.26.0', 'tbats': '1.1.3', 'pmdarima': '2.0.4', 'psutil': '5.9.0', 'markupsafe': '2.1.3', 'pickle5': 'Not installed', 'cloudpickle': '3.0.0', 'deprecation': '2.1.0', 'xxhash': '3.4.1', 'wurlitzer': 'Not installed'}, 'python': {'version': '3.11.9', 'machine': 'AMD64'}}
  warnings.warn(

2024-07-18 13:44:59,101:INFO:Initializing predict_model()
2024-07-18 13:44:59,101:INFO:predict_model(self=<pycaret.regression.oop.RegressionExperiment object at 0x000001756F86F910>, estimator=Pipeline(memory=Memory(location=None),
         steps=[('numerical_imputer',
                 TransformerWrapper(include=['age', 'bmi', 'children'],
                                    transformer=SimpleImputer())),
                ('categorical_imputer',
                 TransformerWrapper(include=['sex', 'smoker', 'region'],
                                    transformer=SimpleImputer(strategy='most_frequent'))),
                ('ordinal_encoding',
                 TransformerWrapper(include=['sex', 'smoker'],
                                    transfor...
                                                               mapping=[{'col': 'sex',
                                                                         'data_type': dtype('O'),
                                                                         'mapping': female    0
male      1
NaN      -1
dtype: int64},
                                                                        {'col': 'smoker',
                                                                         'data_type': dtype('O'),
                                                                         'mapping': no     0
yes    1
NaN   -1
dtype: int64}]))),
                ('onehot_encoding',
                 TransformerWrapper(include=['region'],
                                    transformer=OneHotEncoder(cols=['region'],
                                                              handle_missing='return_nan',
                                                              use_cat_names=True))),
                ('trained_model', DecisionTreeRegressor(random_state=123))]), probability_threshold=None, encoded_labels=False, raw_score=False, round=4, verbose=True, ml_usecase=None, preprocess=True, encode_labels=<function _SupervisedExperiment.predict_model.<locals>.encode_labels at 0x000001756F843CE0>)
2024-07-18 13:44:59,101:INFO:Checking exceptions
2024-07-18 13:44:59,101:INFO:Preloading libraries
2024-07-18 13:44:59,101:INFO:Set up data.
2024-07-18 13:44:59,108:INFO:Set up index.
2024-07-18 13:46:30,680:WARNING:
'cuml' is a soft dependency and not included in the pycaret installation. Please run: `pip install cuml` to install.
2024-07-18 13:46:30,680:WARNING:
'cuml' is a soft dependency and not included in the pycaret installation. Please run: `pip install cuml` to install.
2024-07-18 13:46:30,680:WARNING:
'cuml' is a soft dependency and not included in the pycaret installation. Please run: `pip install cuml` to install.
2024-07-18 13:46:30,680:WARNING:
'cuml' is a soft dependency and not included in the pycaret installation. Please run: `pip install cuml` to install.
2024-07-18 13:46:31,806:INFO:Initializing load_model()
2024-07-18 13:46:31,806:INFO:load_model(model_name=insurance_dt_model, platform=None, authentication=None, verbose=True)
2024-07-18 13:46:31,900:WARNING:C:\Users\mouly\AppData\Local\Programs\Python\Python311\Lib\site-packages\pycaret\internal\pipeline.py:148: UserWarning: Version mismatch:
current: {'deps_info': {'pip': '23.3.1', 'setuptools': '65.5.0', 'pycaret': '3.3.2', 'IPython': '8.15.0', 'ipywidgets': '8.1.3', 'tqdm': '4.66.1', 'numpy': '1.24.4', 'pandas': '2.0.3', 'jinja2': '3.1.2', 'scipy': '1.10.0', 'joblib': '1.3.2', 'sklearn': '1.4.2', 'pyod': '2.0.1', 'imblearn': '0.12.3', 'category_encoders': '2.6.3', 'lightgbm': '4.4.0', 'numba': '0.60.0', 'requests': '2.31.0', 'matplotlib': '3.7.4', 'scikitplot': '0.3.7', 'yellowbrick': '1.5', 'plotly': '5.19.0', 'plotly-resampler': 'Not installed', 'kaleido': '0.2.1', 'schemdraw': '0.15', 'statsmodels': '0.14.1', 'sktime': '0.26.0', 'tbats': '1.1.3', 'pmdarima': '2.0.4', 'psutil': '5.9.5', 'markupsafe': '2.1.3', 'pickle5': 'Not installed', 'cloudpickle': '3.0.0', 'deprecation': '2.1.0', 'xxhash': '3.4.1', 'wurlitzer': 'Not installed'}, 'python': {'version': '3.11.5', 'machine': 'AMD64'}}
pickle: {'deps_info': {'pip': '24.0', 'setuptools': '69.5.1', 'pycaret': '3.3.2', 'IPython': '8.20.0', 'ipywidgets': '8.1.3', 'tqdm': '4.66.4', 'numpy': '1.26.4', 'pandas': '2.1.4', 'jinja2': '3.1.4', 'scipy': '1.11.4', 'joblib': '1.3.2', 'sklearn': '1.4.2', 'pyod': '2.0.1', 'imblearn': '0.12.3', 'category_encoders': '2.6.3', 'lightgbm': '4.4.0', 'numba': '0.60.0', 'requests': '2.32.2', 'matplotlib': '3.7.5', 'scikitplot': '0.3.7', 'yellowbrick': '1.5', 'plotly': '5.22.0', 'plotly-resampler': 'Not installed', 'kaleido': '0.2.1', 'schemdraw': '0.15', 'statsmodels': '0.14.2', 'sktime': '0.26.0', 'tbats': '1.1.3', 'pmdarima': '2.0.4', 'psutil': '5.9.0', 'markupsafe': '2.1.3', 'pickle5': 'Not installed', 'cloudpickle': '3.0.0', 'deprecation': '2.1.0', 'xxhash': '3.4.1', 'wurlitzer': 'Not installed'}, 'python': {'version': '3.11.9', 'machine': 'AMD64'}}
  warnings.warn(

2024-07-18 13:46:31,970:INFO:Initializing predict_model()
2024-07-18 13:46:31,970:INFO:predict_model(self=<pycaret.regression.oop.RegressionExperiment object at 0x0000021C84C19450>, estimator=Pipeline(memory=Memory(location=None),
         steps=[('numerical_imputer',
                 TransformerWrapper(include=['age', 'bmi', 'children'],
                                    transformer=SimpleImputer())),
                ('categorical_imputer',
                 TransformerWrapper(include=['sex', 'smoker', 'region'],
                                    transformer=SimpleImputer(strategy='most_frequent'))),
                ('ordinal_encoding',
                 TransformerWrapper(include=['sex', 'smoker'],
                                    transfor...
                                                               mapping=[{'col': 'sex',
                                                                         'data_type': dtype('O'),
                                                                         'mapping': female    0
male      1
NaN      -1
dtype: int64},
                                                                        {'col': 'smoker',
                                                                         'data_type': dtype('O'),
                                                                         'mapping': no     0
yes    1
NaN   -1
dtype: int64}]))),
                ('onehot_encoding',
                 TransformerWrapper(include=['region'],
                                    transformer=OneHotEncoder(cols=['region'],
                                                              handle_missing='return_nan',
                                                              use_cat_names=True))),
                ('trained_model', DecisionTreeRegressor(random_state=123))]), probability_threshold=None, encoded_labels=False, raw_score=False, round=4, verbose=True, ml_usecase=None, preprocess=True, encode_labels=<function _SupervisedExperiment.predict_model.<locals>.encode_labels at 0x0000021C84AC7D80>)
2024-07-18 13:46:31,970:INFO:Checking exceptions
2024-07-18 13:46:31,970:INFO:Preloading libraries
2024-07-18 13:46:31,970:INFO:Set up data.
2024-07-18 13:46:31,970:INFO:Set up index.
2024-07-18 13:49:00,921:WARNING:
'cuml' is a soft dependency and not included in the pycaret installation. Please run: `pip install cuml` to install.
2024-07-18 13:49:00,921:WARNING:
'cuml' is a soft dependency and not included in the pycaret installation. Please run: `pip install cuml` to install.
2024-07-18 13:49:00,921:WARNING:
'cuml' is a soft dependency and not included in the pycaret installation. Please run: `pip install cuml` to install.
2024-07-18 13:49:00,921:WARNING:
'cuml' is a soft dependency and not included in the pycaret installation. Please run: `pip install cuml` to install.
2024-07-18 13:49:01,157:INFO:Initializing load_model()
2024-07-18 13:49:01,157:INFO:load_model(model_name=insurance_dt_model, platform=None, authentication=None, verbose=True)
2024-07-18 13:49:01,250:WARNING:C:\Users\mouly\AppData\Local\Programs\Python\Python311\Lib\site-packages\pycaret\internal\pipeline.py:148: UserWarning: Version mismatch:
current: {'deps_info': {'pip': '23.3.1', 'setuptools': '65.5.0', 'pycaret': '3.3.2', 'IPython': '8.15.0', 'ipywidgets': '8.1.3', 'tqdm': '4.66.1', 'numpy': '1.24.4', 'pandas': '2.0.3', 'jinja2': '3.1.2', 'scipy': '1.10.0', 'joblib': '1.3.2', 'sklearn': '1.4.2', 'pyod': '2.0.1', 'imblearn': '0.12.3', 'category_encoders': '2.6.3', 'lightgbm': '4.4.0', 'numba': '0.60.0', 'requests': '2.31.0', 'matplotlib': '3.7.4', 'scikitplot': '0.3.7', 'yellowbrick': '1.5', 'plotly': '5.19.0', 'plotly-resampler': 'Not installed', 'kaleido': '0.2.1', 'schemdraw': '0.15', 'statsmodels': '0.14.1', 'sktime': '0.26.0', 'tbats': '1.1.3', 'pmdarima': '2.0.4', 'psutil': '5.9.5', 'markupsafe': '2.1.3', 'pickle5': 'Not installed', 'cloudpickle': '3.0.0', 'deprecation': '2.1.0', 'xxhash': '3.4.1', 'wurlitzer': 'Not installed'}, 'python': {'version': '3.11.5', 'machine': 'AMD64'}}
pickle: {'deps_info': {'pip': '24.0', 'setuptools': '69.5.1', 'pycaret': '3.3.2', 'IPython': '8.20.0', 'ipywidgets': '8.1.3', 'tqdm': '4.66.4', 'numpy': '1.26.4', 'pandas': '2.1.4', 'jinja2': '3.1.4', 'scipy': '1.11.4', 'joblib': '1.3.2', 'sklearn': '1.4.2', 'pyod': '2.0.1', 'imblearn': '0.12.3', 'category_encoders': '2.6.3', 'lightgbm': '4.4.0', 'numba': '0.60.0', 'requests': '2.32.2', 'matplotlib': '3.7.5', 'scikitplot': '0.3.7', 'yellowbrick': '1.5', 'plotly': '5.22.0', 'plotly-resampler': 'Not installed', 'kaleido': '0.2.1', 'schemdraw': '0.15', 'statsmodels': '0.14.2', 'sktime': '0.26.0', 'tbats': '1.1.3', 'pmdarima': '2.0.4', 'psutil': '5.9.0', 'markupsafe': '2.1.3', 'pickle5': 'Not installed', 'cloudpickle': '3.0.0', 'deprecation': '2.1.0', 'xxhash': '3.4.1', 'wurlitzer': 'Not installed'}, 'python': {'version': '3.11.9', 'machine': 'AMD64'}}
  warnings.warn(

2024-07-18 13:49:01,324:INFO:Initializing predict_model()
2024-07-18 13:49:01,324:INFO:predict_model(self=<pycaret.regression.oop.RegressionExperiment object at 0x000002D101F3E910>, estimator=Pipeline(memory=Memory(location=None),
         steps=[('numerical_imputer',
                 TransformerWrapper(include=['age', 'bmi', 'children'],
                                    transformer=SimpleImputer())),
                ('categorical_imputer',
                 TransformerWrapper(include=['sex', 'smoker', 'region'],
                                    transformer=SimpleImputer(strategy='most_frequent'))),
                ('ordinal_encoding',
                 TransformerWrapper(include=['sex', 'smoker'],
                                    transfor...
                                                               mapping=[{'col': 'sex',
                                                                         'data_type': dtype('O'),
                                                                         'mapping': female    0
male      1
NaN      -1
dtype: int64},
                                                                        {'col': 'smoker',
                                                                         'data_type': dtype('O'),
                                                                         'mapping': no     0
yes    1
NaN   -1
dtype: int64}]))),
                ('onehot_encoding',
                 TransformerWrapper(include=['region'],
                                    transformer=OneHotEncoder(cols=['region'],
                                                              handle_missing='return_nan',
                                                              use_cat_names=True))),
                ('trained_model', DecisionTreeRegressor(random_state=123))]), probability_threshold=None, encoded_labels=False, raw_score=False, round=4, verbose=True, ml_usecase=None, preprocess=True, encode_labels=<function _SupervisedExperiment.predict_model.<locals>.encode_labels at 0x000002D16CBDE660>)
2024-07-18 13:49:01,324:INFO:Checking exceptions
2024-07-18 13:49:01,324:INFO:Preloading libraries
2024-07-18 13:49:01,324:INFO:Set up data.
2024-07-18 13:49:01,324:INFO:Set up index.
